<?xml version="1.0" encoding="UTF-8"?>
<testsuite xmlns:xsi="http://www.w3.org/2001/XMLSchema-instance" xsi:noNamespaceSchemaLocation="https://maven.apache.org/surefire/maven-surefire-plugin/xsd/surefire-test-report-3.0.xsd" version="3.0" name="client.UserServiceTest" time="0.38" tests="3" errors="0" skipped="0" failures="0">
  <properties>
[...]
</properties>
  <testcase name="givenUserService_whenUserMike_thenAgeCorrect" classname="client.UserServiceTest" time="0.063"/>
  <testcase name="givenUserService_whenUserBob_thenGenderMALE" classname="client.UserServiceTest" time="0.006"/>
  <testcase name="names" classname="client.UserServiceTest" time="0.002"/>
</testsuite>